1608658326217	mozrunner::runner	INFO	Running command: "C:\\Program Files\\Mozilla Firefox\\firefox.exe" "-marionette" "-foreground" "-no-remote" "-profile" "C:\\Users\\RODRIG~1.C\\AppData\\Local\\Temp\\rust_mozprofile4wnVy7"
Can't find symbol 'eglSwapBuffersWithDamageEXT'.
Can't find symbol 'eglSetDamageRegionKHR'.
JavaScript error: resource://gre/modules/XULStore.jsm, line 66: Error: Can't find profile directory.
console.warn: SearchSettings: "get: No settings file exists, new profile?" (new Error("", "(unknown module)"))
1608658329397	Marionette	INFO	Listening on port 54401
1608658329933	Marionette	WARN	TLS certificate errors will be ignored for this session
1608658416668	Marionette	INFO	Stopped listening on port 54401

###!!! [Child][RunMessage] Error: Channel closing: too late to send/recv, messages will be lost

1608658436670	mozrunner::runner	INFO	Running command: "C:\\Program Files\\Mozilla Firefox\\firefox.exe" "-marionette" "-foreground" "-no-remote" "-profile" "C:\\Users\\RODRIG~1.C\\AppData\\Local\\Temp\\rust_mozprofileKmUx1V"
Can't find symbol 'eglSwapBuffersWithDamageEXT'.
Can't find symbol 'eglSetDamageRegionKHR'.
JavaScript error: resource://gre/modules/XULStore.jsm, line 66: Error: Can't find profile directory.
console.warn: SearchSettings: "get: No settings file exists, new profile?" (new Error("", "(unknown module)"))
1608658439504	Marionette	INFO	Listening on port 54565
1608658439860	Marionette	WARN	TLS certificate errors will be ignored for this session
1608658698855	Marionette	INFO	Stopped listening on port 54565

###!!! [Child][RunMessage] Error: Channel closing: too late to send/recv, messages will be lost

1608659080026	mozrunner::runner	INFO	Running command: "C:\\Program Files\\Mozilla Firefox\\firefox.exe" "-marionette" "-foreground" "-no-remote" "-profile" "C:\\Users\\RODRIG~1.C\\AppData\\Local\\Temp\\rust_mozprofileHvwvz4"
Can't find symbol 'eglSwapBuffersWithDamageEXT'.
Can't find symbol 'eglSetDamageRegionKHR'.
JavaScript error: resource://gre/modules/XULStore.jsm, line 66: Error: Can't find profile directory.
console.warn: SearchSettings: "get: No settings file exists, new profile?" (new Error("", "(unknown module)"))
1608659082927	Marionette	INFO	Listening on port 55110
1608659083198	Marionette	WARN	TLS certificate errors will be ignored for this session
1608659181152	Marionette	INFO	Stopped listening on port 55110

###!!! [Child][RunMessage] Error: Channel closing: too late to send/recv, messages will be lost

rs\\RODRIG~1.C\\AppData\\Local\\Temp\\rust_mozprofilexz2b0Q"
Can't find symbol 'eglSwapBuffersWithDamageEXT'.
Can't find symbol 'eglSetDamageRegionKHR'.
JavaScript error: resource://gre/modules/XULStore.jsm, line 66: Error: Can't find profile directory.
console.warn: SearchSettings: "get: No settings file exists, new profile?" (new Error("", "(unknown module)"))
1608659176266	Marionette	INFO	Listening on port 55322
1608659176431	Marionette	WARN	TLS certificate errors will be ignored for this session
1608659211977	Marionette	INFO	Stopped listening on port 55322

###!!! [Child][RunMessage] Error: Channel closing: too late to send/recv, messages will be lost

1608659572618	mozrunner::runner	INFO	Running command: "C:\\Program Files\\Mozilla Firefox\\firefox.exe" "-marionette" "-foreground" "-no-remote" "-profile" "C:\\Users\\RODRIG~1.C\\AppData\\Local\\Temp\\rust_mozprofile9vzapd"
Can't find symbol 'eglSwapBuffersWithDamageEXT'.
Can't find symbol 'eglSetDamageRegionKHR'.
JavaScript error: resource://gre/modules/XULStore.jsm, line 66: Error: Can't find profile directory.
console.warn: SearchSettings: "get: No settings file exists, new profile?" (new Error("", "(unknown module)"))
1608659575308	Marionette	INFO	Listening on port 55702
1608659575757	Marionette	WARN	TLS certificate errors will be ignored for this session
Unable to read VR Path Registry from C:\Users\rodrigo.villanueva.c\AppData\Local\openvr\openvrpaths.vrpath

###!!! [Parent][RunMessage] Error: Channel closing: too late to send/recv, messages will be lost

1608659633620	Marionette	INFO	Stopped listening on port 55702

###!!! [Child][RunMessage] Error: Channel closing: too late to send/recv, messages will be lost

1608659706645	mozrunner::runner	INFO	Running command: "C:\\Program Files\\Mozilla Firefox\\firefox.exe" "-marionette" "-foreground" "-no-remote" "-profile" "C:\\Users\\RODRIG~1.C\\AppData\\Local\\Temp\\rust_mozprofileaMaQGA"
Can't find symbol 'eglSwapBuffersWithDamageEXT'.
Can't find symbol 'eglSetDamageRegionKHR'.
JavaScript error: resource://gre/modules/XULStore.jsm, line 66: Error: Can't find profile directory.
console.warn: SearchSettings: "get: No settings file exists, new profile?" (new Error("", "(unknown module)"))
1608659709425	Marionette	INFO	Listening on port 55893
1608659709801	Marionette	WARN	TLS certificate errors will be ignored for this session
1608659723842	Marionette	INFO	Stopped listening on port 55893

###!!! [Child][RunMessage] Error: Channel closing: too late to send/recv, messages will be lost

1608659785923	mozrunner::runner	INFO	Running command: "C:\\Program Files\\Mozilla Firefox\\firefox.exe" "-marionette" "-foreground" "-no-remote" "-profile" "C:\\Users\\RODRIG~1.C\\AppData\\Local\\Temp\\rust_mozprofileUuBmUD"
Can't find symbol 'eglSwapBuffersWithDamageEXT'.
Can't find symbol 'eglSetDamageRegionKHR'.
JavaScript error: resource://gre/modules/XULStore.jsm, line 66: Error: Can't find profile directory.
console.warn: SearchSettings: "get: No settings file exists, new profile?" (new Error("", "(unknown module)"))
1608659788705	Marionette	INFO	Listening on port 56017
1608659789069	Marionette	WARN	TLS certificate errors will be ignored for this session
1608659823589	Marionette	INFO	Stopped listening on port 56017

###!!! [Child][RunMessage] Error: Channel closing: too late to send/recv, messages will be lost

